<?xml version="1.0" encoding="UTF-8"?>
<!-- Generated by org.testng.reporters.JUnitXMLReporter -->
<testsuite ignored="0" hostname="home-laptop" failures="1" tests="11" name="Test" time="19.989" errors="0" timestamp="2023-05-27T18:26:08 IST">
  <testcase classname="com.notesapi.tests.UsersTests" name="createNewUser" time="9.866"/>
  <testcase classname="com.notesapi.tests.UsersTests" name="performLogin" time="1.073">
    <failure type="java.lang.AssertionError" message="expected [201] but found [200]">
      <![CDATA[java.lang.AssertionError: expected [201] but found [200]
at com.notesapi.tests.UsersTests.performLogin(UsersTests.java:44)
at java.base/java.util.ArrayList.forEach(ArrayList.java:1511)
... Removed 33 stack frames]]>
    </failure>
  </testcase> <!-- performLogin -->
  <testcase classname="com.notesapi.tests.UsersTests" name="retrieveUserInfo" time="1.966"/>
  <testcase classname="com.notesapi.tests.UsersTests" name="editUserInfo" time="0.676"/>
  <testcase classname="com.notesapi.tests.UsersTests" name="editUserPassword" time="1.077"/>
  <testcase classname="com.notesapi.tests.NotesTests" name="createNewNote" time="0.766"/>
  <testcase classname="com.notesapi.tests.NotesTests" name="retrieveNote" time="0.543"/>
  <testcase classname="com.notesapi.tests.NotesTests" name="retrieveNoteById" time="0.594"/>
  <testcase classname="com.notesapi.tests.NotesTests" name="updateExistingNote" time="0.692"/>
  <testcase classname="com.notesapi.tests.NotesTests" name="updateCompleteStatusOfNote" time="0.68"/>
  <testcase classname="com.notesapi.tests.NotesTests" name="deleteNoteById" time="0.683"/>
</testsuite> <!-- Test -->
